<?xml version="1.0" encoding="UTF-8"?>
<!-- Generated by org.testng.reporters.JUnitReportReporter -->
<testsuite skipped="0" hostname="LAPTOP-0TM7N5C6" name="TestScripts.CreateCampaignTest" tests="1" failures="0" timestamp="23 Jun 2020 12:08:46 GMT" time="79.266" errors="0">
  <testcase name="CreateCampaign" time="79.266" classname="TestScripts.CreateCampaignTest"/>
</testsuite> <!-- TestScripts.CreateCampaignTest -->
